<?xml version="1.0" encoding="UTF-8"?>
<!-- Generated by org.testng.reporters.JUnitXMLReporter -->
<testsuite hostname="DevdasC" ignored="0" name="Test" tests="5" failures="0" timestamp="03 Feb 2019 06:58:11 GMT" time="12.322" errors="0">
  <testcase name="basePageNavigation" time="4.476" classname="com.javacoder.HomePage"/>
  <testcase name="validateText" time="0.185" classname="com.javacoder.HomePage"/>
  <testcase name="clickLoginLink" time="3.049" classname="com.javacoder.HomePage"/>
  <testcase name="getLogIn" time="2.076" classname="com.javacoder.HomePage"/>
  <testcase name="getLogIn" time="2.47" classname="com.javacoder.HomePage"/>
</testsuite> <!-- Test -->
