<?xml version="1.0" encoding="UTF-8"?>
<testng-results skipped="0" failed="0" ignored="0" total="4" passed="4">
  <reporter-output>
  </reporter-output>
  <suite name="Suite" duration-ms="25784" started-at="2019-02-07T06:18:43Z" finished-at="2019-02-07T06:19:09Z">
    <groups>
    </groups>
    <test name="LoginPage" duration-ms="18266" started-at="2019-02-07T06:18:43Z" finished-at="2019-02-07T06:19:01Z">
      <class name="com.javacoder.LoginPage">
        <test-method status="PASS" signature="invokeBrowser()[pri:0, instance:com.javacoder.LoginPage@7fc229ab]" name="invokeBrowser" is-config="true" duration-ms="8051" started-at="2019-02-07T06:18:43Z" finished-at="2019-02-07T06:18:51Z">
          <reporter-output>
          </reporter-output>
        </test-method> <!-- invokeBrowser -->
        <test-method status="PASS" signature="clickLoginLink()[pri:1, instance:com.javacoder.LoginPage@7fc229ab]" name="clickLoginLink" duration-ms="3355" started-at="2019-02-07T06:18:51Z" finished-at="2019-02-07T06:18:54Z">
          <reporter-output>
          </reporter-output>
        </test-method> <!-- clickLoginLink -->
        <test-method status="PASS" signature="getLogIn(java.lang.String, java.lang.String)[pri:2, instance:com.javacoder.LoginPage@7fc229ab]" name="getLogIn" duration-ms="2177" started-at="2019-02-07T06:18:54Z" data-provider="getData" finished-at="2019-02-07T06:18:57Z">
          <params>
            <param index="0">
              <value>
                <![CDATA[abc@abc.com]]>
              </value>
            </param>
            <param index="1">
              <value>
                <![CDATA[12345]]>
              </value>
            </param>
          </params>
          <reporter-output>
          </reporter-output>
        </test-method> <!-- getLogIn -->
        <test-method status="PASS" signature="getLogIn(java.lang.String, java.lang.String)[pri:2, instance:com.javacoder.LoginPage@7fc229ab]" name="getLogIn" duration-ms="2525" started-at="2019-02-07T06:18:57Z" data-provider="getData" finished-at="2019-02-07T06:18:59Z">
          <params>
            <param index="0">
              <value>
                <![CDATA[abcd@abc.com]]>
              </value>
            </param>
            <param index="1">
              <value>
                <![CDATA[123456]]>
              </value>
            </param>
          </params>
          <reporter-output>
          </reporter-output>
        </test-method> <!-- getLogIn -->
        <test-method status="PASS" signature="tearDown()[pri:0, instance:com.javacoder.LoginPage@7fc229ab]" name="tearDown" is-config="true" duration-ms="2120" started-at="2019-02-07T06:18:59Z" finished-at="2019-02-07T06:19:01Z">
          <reporter-output>
          </reporter-output>
        </test-method> <!-- tearDown -->
      </class> <!-- com.javacoder.LoginPage -->
    </test> <!-- LoginPage -->
    <test name="HomePage" duration-ms="7502" started-at="2019-02-07T06:19:01Z" finished-at="2019-02-07T06:19:09Z">
      <class name="com.javacoder.HomePage">
        <test-method status="PASS" signature="invokeBrowser()[pri:0, instance:com.javacoder.HomePage@2a32de6c]" name="invokeBrowser" is-config="true" duration-ms="7209" started-at="2019-02-07T06:19:01Z" finished-at="2019-02-07T06:19:09Z">
          <reporter-output>
          </reporter-output>
        </test-method> <!-- invokeBrowser -->
        <test-method status="PASS" signature="validateText()[pri:1, instance:com.javacoder.HomePage@2a32de6c]" name="validateText" duration-ms="115" started-at="2019-02-07T06:19:09Z" finished-at="2019-02-07T06:19:09Z">
          <reporter-output>
          </reporter-output>
        </test-method> <!-- validateText -->
        <test-method status="PASS" signature="tearDown()[pri:0, instance:com.javacoder.HomePage@2a32de6c]" name="tearDown" is-config="true" duration-ms="177" started-at="2019-02-07T06:19:09Z" finished-at="2019-02-07T06:19:09Z">
          <reporter-output>
          </reporter-output>
        </test-method> <!-- tearDown -->
      </class> <!-- com.javacoder.HomePage -->
    </test> <!-- HomePage -->
  </suite> <!-- Suite -->
</testng-results>
