<?xml version="1.0" encoding="UTF-8"?>
<testng-results skipped="0" failed="0" ignored="0" total="5" passed="5">
  <reporter-output>
  </reporter-output>
  <suite name="Default suite" duration-ms="12023" started-at="2019-02-02T05:57:04Z" finished-at="2019-02-02T05:57:16Z">
    <groups>
    </groups>
    <test name="Default test" duration-ms="12023" started-at="2019-02-02T05:57:04Z" finished-at="2019-02-02T05:57:16Z">
      <class name="com.javacoder.HomePage">
        <test-method status="PASS" signature="basePageNavigation()[pri:1, instance:com.javacoder.HomePage@1b11171f]" name="basePageNavigation" duration-ms="4964" started-at="2019-02-02T05:57:04Z" finished-at="2019-02-02T05:57:09Z">
          <reporter-output>
          </reporter-output>
        </test-method> <!-- basePageNavigation -->
        <test-method status="PASS" signature="validateText()[pri:2, instance:com.javacoder.HomePage@1b11171f]" name="validateText" duration-ms="131" started-at="2019-02-02T05:57:09Z" finished-at="2019-02-02T05:57:09Z">
          <reporter-output>
          </reporter-output>
        </test-method> <!-- validateText -->
        <test-method status="PASS" signature="clickLoginLink()[pri:3, instance:com.javacoder.HomePage@1b11171f]" name="clickLoginLink" duration-ms="2812" started-at="2019-02-02T05:57:09Z" finished-at="2019-02-02T05:57:12Z">
          <reporter-output>
          </reporter-output>
        </test-method> <!-- clickLoginLink -->
        <test-method status="PASS" signature="getLogIn(java.lang.String, java.lang.String)[pri:4, instance:com.javacoder.HomePage@1b11171f]" name="getLogIn" duration-ms="2311" started-at="2019-02-02T05:57:12Z" data-provider="getData" finished-at="2019-02-02T05:57:15Z">
          <params>
            <param index="0">
              <value>
                <![CDATA[abc@abc.com]]>
              </value>
            </param>
            <param index="1">
              <value>
                <![CDATA[12345]]>
              </value>
            </param>
          </params>
          <reporter-output>
          </reporter-output>
        </test-method> <!-- getLogIn -->
        <test-method status="PASS" signature="getLogIn(java.lang.String, java.lang.String)[pri:4, instance:com.javacoder.HomePage@1b11171f]" name="getLogIn" duration-ms="1738" started-at="2019-02-02T05:57:15Z" data-provider="getData" finished-at="2019-02-02T05:57:16Z">
          <params>
            <param index="0">
              <value>
                <![CDATA[abcd@abc.com]]>
              </value>
            </param>
            <param index="1">
              <value>
                <![CDATA[123456]]>
              </value>
            </param>
          </params>
          <reporter-output>
          </reporter-output>
        </test-method> <!-- getLogIn -->
      </class> <!-- com.javacoder.HomePage -->
    </test> <!-- Default test -->
  </suite> <!-- Default suite -->
</testng-results>
