<?xml version="1.0" encoding="UTF-8"?>
<testng-results skipped="0" failed="0" ignored="0" total="4" passed="4">
  <reporter-output>
  </reporter-output>
  <suite name="Default suite" duration-ms="16014" started-at="2019-02-03T07:08:01Z" finished-at="2019-02-03T07:08:17Z">
    <groups>
    </groups>
    <test name="Default test" duration-ms="16014" started-at="2019-02-03T07:08:01Z" finished-at="2019-02-03T07:08:17Z">
      <class name="com.javacoder.HomePage">
        <test-method status="PASS" signature="invokeBrowser()[pri:0, instance:com.javacoder.HomePage@ae45eb6]" name="invokeBrowser" is-config="true" duration-ms="8314" started-at="2019-02-03T07:08:01Z" finished-at="2019-02-03T07:08:09Z">
          <reporter-output>
          </reporter-output>
        </test-method> <!-- invokeBrowser -->
        <test-method status="PASS" signature="validateText()[pri:1, instance:com.javacoder.HomePage@ae45eb6]" name="validateText" duration-ms="194" started-at="2019-02-03T07:08:09Z" finished-at="2019-02-03T07:08:09Z">
          <reporter-output>
          </reporter-output>
        </test-method> <!-- validateText -->
        <test-method status="PASS" signature="clickLoginLink()[pri:2, instance:com.javacoder.HomePage@ae45eb6]" name="clickLoginLink" duration-ms="3294" started-at="2019-02-03T07:08:09Z" finished-at="2019-02-03T07:08:13Z">
          <reporter-output>
          </reporter-output>
        </test-method> <!-- clickLoginLink -->
        <test-method status="PASS" signature="getLogIn(java.lang.String, java.lang.String)[pri:3, instance:com.javacoder.HomePage@ae45eb6]" name="getLogIn" duration-ms="1981" started-at="2019-02-03T07:08:13Z" data-provider="getData" finished-at="2019-02-03T07:08:15Z">
          <params>
            <param index="0">
              <value>
                <![CDATA[abc@abc.com]]>
              </value>
            </param>
            <param index="1">
              <value>
                <![CDATA[12345]]>
              </value>
            </param>
          </params>
          <reporter-output>
          </reporter-output>
        </test-method> <!-- getLogIn -->
        <test-method status="PASS" signature="getLogIn(java.lang.String, java.lang.String)[pri:3, instance:com.javacoder.HomePage@ae45eb6]" name="getLogIn" duration-ms="2046" started-at="2019-02-03T07:08:15Z" data-provider="getData" finished-at="2019-02-03T07:08:17Z">
          <params>
            <param index="0">
              <value>
                <![CDATA[abcd@abc.com]]>
              </value>
            </param>
            <param index="1">
              <value>
                <![CDATA[123456]]>
              </value>
            </param>
          </params>
          <reporter-output>
          </reporter-output>
        </test-method> <!-- getLogIn -->
        <test-method status="PASS" signature="tearDown()[pri:0, instance:com.javacoder.HomePage@ae45eb6]" name="tearDown" is-config="true" duration-ms="133" started-at="2019-02-03T07:08:17Z" finished-at="2019-02-03T07:08:17Z">
          <reporter-output>
          </reporter-output>
        </test-method> <!-- tearDown -->
      </class> <!-- com.javacoder.HomePage -->
    </test> <!-- Default test -->
  </suite> <!-- Default suite -->
</testng-results>
